This is pdfTeX, Version 3.141592653-2.6-1.40.22 (TeX Live 2021/nixos.org) (preloaded format=pdflatex 1980.1.1)  6 MAR 2023 12:27
entering extended mode
 restricted \write18 enabled.
 %&-line parsing enabled.
**paper.tex
(./paper.tex
LaTeX2e <2021-11-15> patch level 1
L3 programming layer <2022-02-24> (./llncs.cls
Document Class: llncs 2022/09/05 v2.22 
 LaTeX document class for Lecture Notes in Computer Science

(/nix/store/lw99xzbz6hw1mzg1zh9n1wxzpa497s25-texlive-combined-full-2021-final/s
hare/texmf/tex/latex/base/article.cls
Document Class: article 2021/10/04 v1.4n Standard LaTeX document class

(/nix/store/lw99xzbz6hw1mzg1zh9n1wxzpa497s25-texlive-combined-full-2021-final/s
hare/texmf/tex/latex/base/size10.clo
File: size10.clo 2021/10/04 v1.4n Standard LaTeX file (size option)
)
\c@part=\count185
\c@section=\count186
\c@subsection=\count187
\c@subsubsection=\count188
\c@paragraph=\count189
\c@subparagraph=\count190
\c@figure=\count191
\c@table=\count192
\abovecaptionskip=\skip47
\belowcaptionskip=\skip48
\bibindent=\dimen138
)
(/nix/store/lw99xzbz6hw1mzg1zh9n1wxzpa497s25-texlive-combined-full-2021-final/s
hare/texmf/tex/latex/tools/multicol.sty
Package: multicol 2021/10/28 v1.9b multicolumn formatting (FMi)
\c@tracingmulticols=\count193
\mult@box=\box50
\multicol@leftmargin=\dimen139
\c@unbalance=\count194
\c@collectmore=\count195
\doublecol@number=\count196
\multicoltolerance=\count197
\multicolpretolerance=\count198
\full@width=\dimen140
\page@free=\dimen141
\premulticols=\dimen142
\postmulticols=\dimen143
\multicolsep=\skip49
\multicolbaselineskip=\skip50
\partial@page=\box51
\last@line=\box52
\maxbalancingoverflow=\dimen144
\mult@rightbox=\box53
\mult@grightbox=\box54
\mult@firstbox=\box55
\mult@gfirstbox=\box56
\@tempa=\box57
\@tempa=\box58
\@tempa=\box59
\@tempa=\box60
\@tempa=\box61
\@tempa=\box62
\@tempa=\box63
\@tempa=\box64
\@tempa=\box65
\@tempa=\box66
\@tempa=\box67
\@tempa=\box68
\@tempa=\box69
\@tempa=\box70
\@tempa=\box71
\@tempa=\box72
\@tempa=\box73
\@tempa=\box74
\@tempa=\box75
\@tempa=\box76
\@tempa=\box77
\@tempa=\box78
\@tempa=\box79
\@tempa=\box80
\@tempa=\box81
\@tempa=\box82
\@tempa=\box83
\@tempa=\box84
\@tempa=\box85
\@tempa=\box86
\@tempa=\box87
\@tempa=\box88
\@tempa=\box89
\@tempa=\box90
\@tempa=\box91
\@tempa=\box92
\c@minrows=\count199
\c@columnbadness=\count266
\c@finalcolumnbadness=\count267
\last@try=\dimen145
\multicolovershoot=\dimen146
\multicolundershoot=\dimen147
\mult@nat@firstbox=\box93
\colbreak@box=\box94
\mc@col@check@num=\count268
)
(/nix/store/lw99xzbz6hw1mzg1zh9n1wxzpa497s25-texlive-combined-full-2021-final/s
hare/texmf/tex/latex/oberdiek/aliascnt.sty
Package: aliascnt 2018/09/07 v1.5 Alias counters (HO)
)
\c@chapter=\count269
LaTeX Font Info:    Redeclaring math symbol \Gamma on input line 362.
LaTeX Font Info:    Redeclaring math symbol \Delta on input line 363.
LaTeX Font Info:    Redeclaring math symbol \Theta on input line 364.
LaTeX Font Info:    Redeclaring math symbol \Lambda on input line 365.
LaTeX Font Info:    Redeclaring math symbol \Xi on input line 366.
LaTeX Font Info:    Redeclaring math symbol \Pi on input line 367.
LaTeX Font Info:    Redeclaring math symbol \Sigma on input line 368.
LaTeX Font Info:    Redeclaring math symbol \Upsilon on input line 369.
LaTeX Font Info:    Redeclaring math symbol \Phi on input line 370.
LaTeX Font Info:    Redeclaring math symbol \Psi on input line 371.
LaTeX Font Info:    Redeclaring math symbol \Omega on input line 372.
LaTeX Info: Redefining \vec on input line 377.
\tocchpnum=\dimen148
\tocsecnum=\dimen149
\tocsectotal=\dimen150
\tocsubsecnum=\dimen151
\tocsubsectotal=\dimen152
\tocsubsubsecnum=\dimen153
\tocsubsubsectotal=\dimen154
\tocparanum=\dimen155
\tocparatotal=\dimen156
\tocsubparanum=\dimen157
\@tempcntc=\count270
\fnindent=\dimen158
\c@@inst=\count271
\c@@auth=\count272
\c@auco=\count273
\instindent=\dimen159
\authrun=\box95
\authorrunning=\toks16
\tocauthor=\toks17
\titrun=\box96
\titlerunning=\toks18
\toctitle=\toks19
\c@theorem=\count274
\c@case=\count275
\c@conjecture=\count276
\c@corollary=\count277
\c@definition=\count278
\c@example=\count279
\c@exercise=\count280
\c@lemma=\count281
\c@note=\count282
\c@problem=\count283
\c@property=\count284
\c@proposition=\count285
\c@question=\count286
\c@solution=\count287
\c@remark=\count288
\headlineindent=\dimen160
)
(/nix/store/lw99xzbz6hw1mzg1zh9n1wxzpa497s25-texlive-combined-full-2021-final/s
hare/texmf/tex/latex/base/fontenc.sty
Package: fontenc 2021/04/29 v2.0v Standard LaTeX package
)
(/nix/store/lw99xzbz6hw1mzg1zh9n1wxzpa497s25-texlive-combined-full-2021-final/s
hare/texmf/tex/latex/graphics/graphicx.sty
Package: graphicx 2021/09/16 v1.2d Enhanced LaTeX Graphics (DPC,SPQR)

(/nix/store/lw99xzbz6hw1mzg1zh9n1wxzpa497s25-texlive-combined-full-2021-final/s
hare/texmf/tex/latex/graphics/keyval.sty
Package: keyval 2014/10/28 v1.15 key=value parser (DPC)
\KV@toks@=\toks20
)
(/nix/store/lw99xzbz6hw1mzg1zh9n1wxzpa497s25-texlive-combined-full-2021-final/s
hare/texmf/tex/latex/graphics/graphics.sty
Package: graphics 2021/03/04 v1.4d Standard LaTeX Graphics (DPC,SPQR)

(/nix/store/lw99xzbz6hw1mzg1zh9n1wxzpa497s25-texlive-combined-full-2021-final/s
hare/texmf/tex/latex/graphics/trig.sty
Package: trig 2021/08/11 v1.11 sin cos tan (DPC)
)
(/nix/store/lw99xzbz6hw1mzg1zh9n1wxzpa497s25-texlive-combined-full-2021-final/s
hare/texmf/tex/latex/graphics-cfg/graphics.cfg
File: graphics.cfg 2016/06/04 v1.11 sample graphics configuration
)
Package graphics Info: Driver file: pdftex.def on input line 107.

(/nix/store/lw99xzbz6hw1mzg1zh9n1wxzpa497s25-texlive-combined-full-2021-final/s
hare/texmf/tex/latex/graphics-def/pdftex.def
File: pdftex.def 2020/10/05 v1.2a Graphics/color driver for pdftex
))
\Gin@req@height=\dimen161
\Gin@req@width=\dimen162
)
(/nix/store/lw99xzbz6hw1mzg1zh9n1wxzpa497s25-texlive-combined-full-2021-final/s
hare/texmf/tex/generic/babel/babel.sty
Package: babel 2022/02/26 3.73 The Babel package
\babel@savecnt=\count289
\U@D=\dimen163
\l@unhyphenated=\language87

(/nix/store/lw99xzbz6hw1mzg1zh9n1wxzpa497s25-texlive-combined-full-2021-final/s
hare/texmf/tex/generic/babel/txtbabel.def)
\bbl@readstream=\read2
\bbl@dirlevel=\count290

(/nix/store/lw99xzbz6hw1mzg1zh9n1wxzpa497s25-texlive-combined-full-2021-final/s
hare/texmf/tex/generic/babel-english/british.ldf
Language: british 2017/06/06 v3.3r English support from the babel system

(/nix/store/lw99xzbz6hw1mzg1zh9n1wxzpa497s25-texlive-combined-full-2021-final/s
hare/texmf/tex/generic/babel-english/english.ldf
Language: english 2017/06/06 v3.3r English support from the babel system
Package babel Info: Hyphen rules for 'canadian' set to \l@english
(babel)             (\language0). Reported on input line 102.
Package babel Info: Hyphen rules for 'australian' set to \l@ukenglish
(babel)             (\language21). Reported on input line 105.
Package babel Info: Hyphen rules for 'newzealand' set to \l@ukenglish
(babel)             (\language21). Reported on input line 108.
)))
(/nix/store/lw99xzbz6hw1mzg1zh9n1wxzpa497s25-texlive-combined-full-2021-final/s
hare/texmf/tex/latex/natbib/natbib.sty
Package: natbib 2010/09/13 8.31b (PWD, AO)
\bibhang=\skip51
\bibsep=\skip52
LaTeX Info: Redefining \cite on input line 694.
\c@NAT@ctr=\count291
)
(/nix/store/lw99xzbz6hw1mzg1zh9n1wxzpa497s25-texlive-combined-full-2021-final/s
hare/texmf/tex/latex/appendix/appendix.sty
Package: appendix 2020/02/08 v1.2c extra appendix facilities
\c@@pps=\count292
\c@@ppsavesec=\count293
\c@@ppsaveapp=\count294
)
(/nix/store/lw99xzbz6hw1mzg1zh9n1wxzpa497s25-texlive-combined-full-2021-final/s
hare/texmf/tex/latex/amsmath/amsmath.sty
Package: amsmath 2021/10/15 v2.17l AMS math features
\@mathmargin=\skip53

For additional information on amsmath, use the `?' option.

(/nix/store/lw99xzbz6hw1mzg1zh9n1wxzpa497s25-texlive-combined-full-2021-final/s
hare/texmf/tex/latex/amsmath/amstext.sty
Package: amstext 2021/08/26 v2.01 AMS text

(/nix/store/lw99xzbz6hw1mzg1zh9n1wxzpa497s25-texlive-combined-full-2021-final/s
hare/texmf/tex/latex/amsmath/amsgen.sty
File: amsgen.sty 1999/11/30 v2.0 generic functions
\@emptytoks=\toks21
\ex@=\dimen164
))
(/nix/store/lw99xzbz6hw1mzg1zh9n1wxzpa497s25-texlive-combined-full-2021-final/s
hare/texmf/tex/latex/amsmath/amsbsy.sty
Package: amsbsy 1999/11/29 v1.2d Bold Symbols
\pmbraise@=\dimen165
)
(/nix/store/lw99xzbz6hw1mzg1zh9n1wxzpa497s25-texlive-combined-full-2021-final/s
hare/texmf/tex/latex/amsmath/amsopn.sty
Package: amsopn 2021/08/26 v2.02 operator names
)
\inf@bad=\count295
LaTeX Info: Redefining \frac on input line 234.
\uproot@=\count296
\leftroot@=\count297
LaTeX Info: Redefining \overline on input line 399.
\classnum@=\count298
\DOTSCASE@=\count299
LaTeX Info: Redefining \ldots on input line 496.
LaTeX Info: Redefining \dots on input line 499.
LaTeX Info: Redefining \cdots on input line 620.
\Mathstrutbox@=\box97
\strutbox@=\box98
\big@size=\dimen166
LaTeX Font Info:    Redeclaring font encoding OML on input line 743.
LaTeX Font Info:    Redeclaring font encoding OMS on input line 744.


Package amsmath Warning: Unable to redefine math accent \vec.

\macc@depth=\count300
\c@MaxMatrixCols=\count301
\dotsspace@=\muskip16
\c@parentequation=\count302
\dspbrk@lvl=\count303
\tag@help=\toks22
\row@=\count304
\column@=\count305
\maxfields@=\count306
\andhelp@=\toks23
\eqnshift@=\dimen167
\alignsep@=\dimen168
\tagshift@=\dimen169
\tagwidth@=\dimen170
\totwidth@=\dimen171
\lineht@=\dimen172
\@envbody=\toks24
\multlinegap=\skip54
\multlinetaggap=\skip55
\mathdisplay@stack=\toks25
LaTeX Info: Redefining \[ on input line 2938.
LaTeX Info: Redefining \] on input line 2939.
)
(/nix/store/lw99xzbz6hw1mzg1zh9n1wxzpa497s25-texlive-combined-full-2021-final/s
hare/texmf/tex/latex/amsfonts/amssymb.sty
Package: amssymb 2013/01/14 v3.01 AMS font symbols

(/nix/store/lw99xzbz6hw1mzg1zh9n1wxzpa497s25-texlive-combined-full-2021-final/s
hare/texmf/tex/latex/amsfonts/amsfonts.sty
Package: amsfonts 2013/01/14 v3.01 Basic AMSFonts support
\symAMSa=\mathgroup4
\symAMSb=\mathgroup5
LaTeX Font Info:    Redeclaring math symbol \hbar on input line 98.
LaTeX Font Info:    Overwriting math alphabet `\mathfrak' in version `bold'
(Font)                  U/euf/m/n --> U/euf/b/n on input line 106.
))
(/nix/store/lw99xzbz6hw1mzg1zh9n1wxzpa497s25-texlive-combined-full-2021-final/s
hare/texmf/tex/latex/booktabs/booktabs.sty
Package: booktabs 2020/01/12 v1.61803398 Publication quality tables
\heavyrulewidth=\dimen173
\lightrulewidth=\dimen174
\cmidrulewidth=\dimen175
\belowrulesep=\dimen176
\belowbottomsep=\dimen177
\aboverulesep=\dimen178
\abovetopsep=\dimen179
\cmidrulesep=\dimen180
\cmidrulekern=\dimen181
\defaultaddspace=\dimen182
\@cmidla=\count307
\@cmidlb=\count308
\@aboverulesep=\dimen183
\@belowrulesep=\dimen184
\@thisruleclass=\count309
\@lastruleclass=\count310
\@thisrulewidth=\dimen185
)
(/nix/store/lw99xzbz6hw1mzg1zh9n1wxzpa497s25-texlive-combined-full-2021-final/s
hare/texmf/tex/latex/multirow/multirow.sty
Package: multirow 2021/03/15 v2.8 Span multiple rows of a table
\multirow@colwidth=\skip56
\multirow@cntb=\count311
\multirow@dima=\skip57
\bigstrutjot=\dimen186
)
(/nix/store/lw99xzbz6hw1mzg1zh9n1wxzpa497s25-texlive-combined-full-2021-final/s
hare/texmf/tex/latex/mathpartir/mathpartir.sty
Package: mathpartir 2016/02/24 version 1.3.2 Math Paragraph for Typesetting Inf
erence Rules
\mpr@andskip=\skip58
\mpr@lista=\toks26
\mpr@listb=\toks27
\mpr@hlist=\box99
\mpr@vlist=\box100
\mpr@right=\box101
)
(/nix/store/lw99xzbz6hw1mzg1zh9n1wxzpa497s25-texlive-combined-full-2021-final/s
hare/texmf/tex/latex/stmaryrd/stmaryrd.sty
Package: stmaryrd 1994/03/03 St Mary's Road symbol package
\symstmry=\mathgroup6
LaTeX Font Info:    Overwriting symbol font `stmry' in version `bold'
(Font)                  U/stmry/m/n --> U/stmry/b/n on input line 89.
)
(/nix/store/lw99xzbz6hw1mzg1zh9n1wxzpa497s25-texlive-combined-full-2021-final/s
hare/texmf/tex/latex/xcolor/xcolor.sty
Package: xcolor 2021/10/31 v2.13 LaTeX color extensions (UK)

(/nix/store/lw99xzbz6hw1mzg1zh9n1wxzpa497s25-texlive-combined-full-2021-final/s
hare/texmf/tex/latex/graphics-cfg/color.cfg
File: color.cfg 2016/01/02 v1.6 sample color configuration
)
Package xcolor Info: Driver file: pdftex.def on input line 227.
Package xcolor Info: Model `cmy' substituted by `cmy0' on input line 1352.
Package xcolor Info: Model `hsb' substituted by `rgb' on input line 1356.
Package xcolor Info: Model `RGB' extended on input line 1368.
Package xcolor Info: Model `HTML' substituted by `rgb' on input line 1370.
Package xcolor Info: Model `Hsb' substituted by `hsb' on input line 1371.
Package xcolor Info: Model `tHsb' substituted by `hsb' on input line 1372.
Package xcolor Info: Model `HSB' substituted by `hsb' on input line 1373.
Package xcolor Info: Model `Gray' substituted by `gray' on input line 1374.
Package xcolor Info: Model `wave' substituted by `hsb' on input line 1375.
)
(/nix/store/lw99xzbz6hw1mzg1zh9n1wxzpa497s25-texlive-combined-full-2021-final/s
hare/texmf/tex/latex/pgf/frontendlayer/tikz.sty
(/nix/store/lw99xzbz6hw1mzg1zh9n1wxzpa497s25-texlive-combined-full-2021-final/s
hare/texmf/tex/latex/pgf/basiclayer/pgf.sty
(/nix/store/lw99xzbz6hw1mzg1zh9n1wxzpa497s25-texlive-combined-full-2021-final/s
hare/texmf/tex/latex/pgf/utilities/pgfrcs.sty
(/nix/store/lw99xzbz6hw1mzg1zh9n1wxzpa497s25-texlive-combined-full-2021-final/s
hare/texmf/tex/generic/pgf/utilities/pgfutil-common.tex
\pgfutil@everybye=\toks28
\pgfutil@tempdima=\dimen187
\pgfutil@tempdimb=\dimen188

(/nix/store/lw99xzbz6hw1mzg1zh9n1wxzpa497s25-texlive-combined-full-2021-final/s
hare/texmf/tex/generic/pgf/utilities/pgfutil-common-lists.tex))
(/nix/store/lw99xzbz6hw1mzg1zh9n1wxzpa497s25-texlive-combined-full-2021-final/s
hare/texmf/tex/generic/pgf/utilities/pgfutil-latex.def
\pgfutil@abb=\box102
)
(/nix/store/lw99xzbz6hw1mzg1zh9n1wxzpa497s25-texlive-combined-full-2021-final/s
hare/texmf/tex/generic/pgf/utilities/pgfrcs.code.tex
(/nix/store/lw99xzbz6hw1mzg1zh9n1wxzpa497s25-texlive-combined-full-2021-final/s
hare/texmf/tex/generic/pgf/pgf.revision.tex)
Package: pgfrcs 2021/05/15 v3.1.9a (3.1.9a)
))
Package: pgf 2021/05/15 v3.1.9a (3.1.9a)

(/nix/store/lw99xzbz6hw1mzg1zh9n1wxzpa497s25-texlive-combined-full-2021-final/s
hare/texmf/tex/latex/pgf/basiclayer/pgfcore.sty
(/nix/store/lw99xzbz6hw1mzg1zh9n1wxzpa497s25-texlive-combined-full-2021-final/s
hare/texmf/tex/latex/pgf/systemlayer/pgfsys.sty
(/nix/store/lw99xzbz6hw1mzg1zh9n1wxzpa497s25-texlive-combined-full-2021-final/s
hare/texmf/tex/generic/pgf/systemlayer/pgfsys.code.tex
Package: pgfsys 2021/05/15 v3.1.9a (3.1.9a)

(/nix/store/lw99xzbz6hw1mzg1zh9n1wxzpa497s25-texlive-combined-full-2021-final/s
hare/texmf/tex/generic/pgf/utilities/pgfkeys.code.tex
\pgfkeys@pathtoks=\toks29
\pgfkeys@temptoks=\toks30

(/nix/store/lw99xzbz6hw1mzg1zh9n1wxzpa497s25-texlive-combined-full-2021-final/s
hare/texmf/tex/generic/pgf/utilities/pgfkeysfiltered.code.tex
\pgfkeys@tmptoks=\toks31
))
\pgf@x=\dimen189
\pgf@y=\dimen190
\pgf@xa=\dimen191
\pgf@ya=\dimen192
\pgf@xb=\dimen193
\pgf@yb=\dimen194
\pgf@xc=\dimen195
\pgf@yc=\dimen196
\pgf@xd=\dimen197
\pgf@yd=\dimen198
\w@pgf@writea=\write3
\r@pgf@reada=\read3
\c@pgf@counta=\count312
\c@pgf@countb=\count313
\c@pgf@countc=\count314
\c@pgf@countd=\count315
\t@pgf@toka=\toks32
\t@pgf@tokb=\toks33
\t@pgf@tokc=\toks34
\pgf@sys@id@count=\count316

(/nix/store/lw99xzbz6hw1mzg1zh9n1wxzpa497s25-texlive-combined-full-2021-final/s
hare/texmf/tex/generic/pgf/systemlayer/pgf.cfg
File: pgf.cfg 2021/05/15 v3.1.9a (3.1.9a)
)
Driver file for pgf: pgfsys-pdftex.def

(/nix/store/lw99xzbz6hw1mzg1zh9n1wxzpa497s25-texlive-combined-full-2021-final/s
hare/texmf/tex/generic/pgf/systemlayer/pgfsys-pdftex.def
File: pgfsys-pdftex.def 2021/05/15 v3.1.9a (3.1.9a)

(/nix/store/lw99xzbz6hw1mzg1zh9n1wxzpa497s25-texlive-combined-full-2021-final/s
hare/texmf/tex/generic/pgf/systemlayer/pgfsys-common-pdf.def
File: pgfsys-common-pdf.def 2021/05/15 v3.1.9a (3.1.9a)
)))
(/nix/store/lw99xzbz6hw1mzg1zh9n1wxzpa497s25-texlive-combined-full-2021-final/s
hare/texmf/tex/generic/pgf/systemlayer/pgfsyssoftpath.code.tex
File: pgfsyssoftpath.code.tex 2021/05/15 v3.1.9a (3.1.9a)
\pgfsyssoftpath@smallbuffer@items=\count317
\pgfsyssoftpath@bigbuffer@items=\count318
)
(/nix/store/lw99xzbz6hw1mzg1zh9n1wxzpa497s25-texlive-combined-full-2021-final/s
hare/texmf/tex/generic/pgf/systemlayer/pgfsysprotocol.code.tex
File: pgfsysprotocol.code.tex 2021/05/15 v3.1.9a (3.1.9a)
))
(/nix/store/lw99xzbz6hw1mzg1zh9n1wxzpa497s25-texlive-combined-full-2021-final/s
hare/texmf/tex/generic/pgf/basiclayer/pgfcore.code.tex
Package: pgfcore 2021/05/15 v3.1.9a (3.1.9a)

(/nix/store/lw99xzbz6hw1mzg1zh9n1wxzpa497s25-texlive-combined-full-2021-final/s
hare/texmf/tex/generic/pgf/math/pgfmath.code.tex
(/nix/store/lw99xzbz6hw1mzg1zh9n1wxzpa497s25-texlive-combined-full-2021-final/s
hare/texmf/tex/generic/pgf/math/pgfmathcalc.code.tex
(/nix/store/lw99xzbz6hw1mzg1zh9n1wxzpa497s25-texlive-combined-full-2021-final/s
hare/texmf/tex/generic/pgf/math/pgfmathutil.code.tex)
(/nix/store/lw99xzbz6hw1mzg1zh9n1wxzpa497s25-texlive-combined-full-2021-final/s
hare/texmf/tex/generic/pgf/math/pgfmathparser.code.tex
\pgfmath@dimen=\dimen199
\pgfmath@count=\count319
\pgfmath@box=\box103
\pgfmath@toks=\toks35
\pgfmath@stack@operand=\toks36
\pgfmath@stack@operation=\toks37
)
(/nix/store/lw99xzbz6hw1mzg1zh9n1wxzpa497s25-texlive-combined-full-2021-final/s
hare/texmf/tex/generic/pgf/math/pgfmathfunctions.code.tex
(/nix/store/lw99xzbz6hw1mzg1zh9n1wxzpa497s25-texlive-combined-full-2021-final/s
hare/texmf/tex/generic/pgf/math/pgfmathfunctions.basic.code.tex)
(/nix/store/lw99xzbz6hw1mzg1zh9n1wxzpa497s25-texlive-combined-full-2021-final/s
hare/texmf/tex/generic/pgf/math/pgfmathfunctions.trigonometric.code.tex)
(/nix/store/lw99xzbz6hw1mzg1zh9n1wxzpa497s25-texlive-combined-full-2021-final/s
hare/texmf/tex/generic/pgf/math/pgfmathfunctions.random.code.tex)
(/nix/store/lw99xzbz6hw1mzg1zh9n1wxzpa497s25-texlive-combined-full-2021-final/s
hare/texmf/tex/generic/pgf/math/pgfmathfunctions.comparison.code.tex)
(/nix/store/lw99xzbz6hw1mzg1zh9n1wxzpa497s25-texlive-combined-full-2021-final/s
hare/texmf/tex/generic/pgf/math/pgfmathfunctions.base.code.tex)
(/nix/store/lw99xzbz6hw1mzg1zh9n1wxzpa497s25-texlive-combined-full-2021-final/s
hare/texmf/tex/generic/pgf/math/pgfmathfunctions.round.code.tex)
(/nix/store/lw99xzbz6hw1mzg1zh9n1wxzpa497s25-texlive-combined-full-2021-final/s
hare/texmf/tex/generic/pgf/math/pgfmathfunctions.misc.code.tex)
(/nix/store/lw99xzbz6hw1mzg1zh9n1wxzpa497s25-texlive-combined-full-2021-final/s
hare/texmf/tex/generic/pgf/math/pgfmathfunctions.integerarithmetics.code.tex)))

(/nix/store/lw99xzbz6hw1mzg1zh9n1wxzpa497s25-texlive-combined-full-2021-final/s
hare/texmf/tex/generic/pgf/math/pgfmathfloat.code.tex
\c@pgfmathroundto@lastzeros=\count320
))
(/nix/store/lw99xzbz6hw1mzg1zh9n1wxzpa497s25-texlive-combined-full-2021-final/s
hare/texmf/tex/generic/pgf/math/pgfint.code.tex)
(/nix/store/lw99xzbz6hw1mzg1zh9n1wxzpa497s25-texlive-combined-full-2021-final/s
hare/texmf/tex/generic/pgf/basiclayer/pgfcorepoints.code.tex
File: pgfcorepoints.code.tex 2021/05/15 v3.1.9a (3.1.9a)
\pgf@picminx=\dimen256
\pgf@picmaxx=\dimen257
\pgf@picminy=\dimen258
\pgf@picmaxy=\dimen259
\pgf@pathminx=\dimen260
\pgf@pathmaxx=\dimen261
\pgf@pathminy=\dimen262
\pgf@pathmaxy=\dimen263
\pgf@xx=\dimen264
\pgf@xy=\dimen265
\pgf@yx=\dimen266
\pgf@yy=\dimen267
\pgf@zx=\dimen268
\pgf@zy=\dimen269
)
(/nix/store/lw99xzbz6hw1mzg1zh9n1wxzpa497s25-texlive-combined-full-2021-final/s
hare/texmf/tex/generic/pgf/basiclayer/pgfcorepathconstruct.code.tex
File: pgfcorepathconstruct.code.tex 2021/05/15 v3.1.9a (3.1.9a)
\pgf@path@lastx=\dimen270
\pgf@path@lasty=\dimen271
)
(/nix/store/lw99xzbz6hw1mzg1zh9n1wxzpa497s25-texlive-combined-full-2021-final/s
hare/texmf/tex/generic/pgf/basiclayer/pgfcorepathusage.code.tex
File: pgfcorepathusage.code.tex 2021/05/15 v3.1.9a (3.1.9a)
\pgf@shorten@end@additional=\dimen272
\pgf@shorten@start@additional=\dimen273
)
(/nix/store/lw99xzbz6hw1mzg1zh9n1wxzpa497s25-texlive-combined-full-2021-final/s
hare/texmf/tex/generic/pgf/basiclayer/pgfcorescopes.code.tex
File: pgfcorescopes.code.tex 2021/05/15 v3.1.9a (3.1.9a)
\pgfpic=\box104
\pgf@hbox=\box105
\pgf@layerbox@main=\box106
\pgf@picture@serial@count=\count321
)
(/nix/store/lw99xzbz6hw1mzg1zh9n1wxzpa497s25-texlive-combined-full-2021-final/s
hare/texmf/tex/generic/pgf/basiclayer/pgfcoregraphicstate.code.tex
File: pgfcoregraphicstate.code.tex 2021/05/15 v3.1.9a (3.1.9a)
\pgflinewidth=\dimen274
)
(/nix/store/lw99xzbz6hw1mzg1zh9n1wxzpa497s25-texlive-combined-full-2021-final/s
hare/texmf/tex/generic/pgf/basiclayer/pgfcoretransformations.code.tex
File: pgfcoretransformations.code.tex 2021/05/15 v3.1.9a (3.1.9a)
\pgf@pt@x=\dimen275
\pgf@pt@y=\dimen276
\pgf@pt@temp=\dimen277
)
(/nix/store/lw99xzbz6hw1mzg1zh9n1wxzpa497s25-texlive-combined-full-2021-final/s
hare/texmf/tex/generic/pgf/basiclayer/pgfcorequick.code.tex
File: pgfcorequick.code.tex 2021/05/15 v3.1.9a (3.1.9a)
)
(/nix/store/lw99xzbz6hw1mzg1zh9n1wxzpa497s25-texlive-combined-full-2021-final/s
hare/texmf/tex/generic/pgf/basiclayer/pgfcoreobjects.code.tex
File: pgfcoreobjects.code.tex 2021/05/15 v3.1.9a (3.1.9a)
)
(/nix/store/lw99xzbz6hw1mzg1zh9n1wxzpa497s25-texlive-combined-full-2021-final/s
hare/texmf/tex/generic/pgf/basiclayer/pgfcorepathprocessing.code.tex
File: pgfcorepathprocessing.code.tex 2021/05/15 v3.1.9a (3.1.9a)
)
(/nix/store/lw99xzbz6hw1mzg1zh9n1wxzpa497s25-texlive-combined-full-2021-final/s
hare/texmf/tex/generic/pgf/basiclayer/pgfcorearrows.code.tex
File: pgfcorearrows.code.tex 2021/05/15 v3.1.9a (3.1.9a)
\pgfarrowsep=\dimen278
)
(/nix/store/lw99xzbz6hw1mzg1zh9n1wxzpa497s25-texlive-combined-full-2021-final/s
hare/texmf/tex/generic/pgf/basiclayer/pgfcoreshade.code.tex
File: pgfcoreshade.code.tex 2021/05/15 v3.1.9a (3.1.9a)
\pgf@max=\dimen279
\pgf@sys@shading@range@num=\count322
\pgf@shadingcount=\count323
)
(/nix/store/lw99xzbz6hw1mzg1zh9n1wxzpa497s25-texlive-combined-full-2021-final/s
hare/texmf/tex/generic/pgf/basiclayer/pgfcoreimage.code.tex
File: pgfcoreimage.code.tex 2021/05/15 v3.1.9a (3.1.9a)

(/nix/store/lw99xzbz6hw1mzg1zh9n1wxzpa497s25-texlive-combined-full-2021-final/s
hare/texmf/tex/generic/pgf/basiclayer/pgfcoreexternal.code.tex
File: pgfcoreexternal.code.tex 2021/05/15 v3.1.9a (3.1.9a)
\pgfexternal@startupbox=\box107
))
(/nix/store/lw99xzbz6hw1mzg1zh9n1wxzpa497s25-texlive-combined-full-2021-final/s
hare/texmf/tex/generic/pgf/basiclayer/pgfcorelayers.code.tex
File: pgfcorelayers.code.tex 2021/05/15 v3.1.9a (3.1.9a)
)
(/nix/store/lw99xzbz6hw1mzg1zh9n1wxzpa497s25-texlive-combined-full-2021-final/s
hare/texmf/tex/generic/pgf/basiclayer/pgfcoretransparency.code.tex
File: pgfcoretransparency.code.tex 2021/05/15 v3.1.9a (3.1.9a)
)
(/nix/store/lw99xzbz6hw1mzg1zh9n1wxzpa497s25-texlive-combined-full-2021-final/s
hare/texmf/tex/generic/pgf/basiclayer/pgfcorepatterns.code.tex
File: pgfcorepatterns.code.tex 2021/05/15 v3.1.9a (3.1.9a)
)
(/nix/store/lw99xzbz6hw1mzg1zh9n1wxzpa497s25-texlive-combined-full-2021-final/s
hare/texmf/tex/generic/pgf/basiclayer/pgfcorerdf.code.tex
File: pgfcorerdf.code.tex 2021/05/15 v3.1.9a (3.1.9a)
)))
(/nix/store/lw99xzbz6hw1mzg1zh9n1wxzpa497s25-texlive-combined-full-2021-final/s
hare/texmf/tex/generic/pgf/modules/pgfmoduleshapes.code.tex
File: pgfmoduleshapes.code.tex 2021/05/15 v3.1.9a (3.1.9a)
\pgfnodeparttextbox=\box108
)
(/nix/store/lw99xzbz6hw1mzg1zh9n1wxzpa497s25-texlive-combined-full-2021-final/s
hare/texmf/tex/generic/pgf/modules/pgfmoduleplot.code.tex
File: pgfmoduleplot.code.tex 2021/05/15 v3.1.9a (3.1.9a)
)
(/nix/store/lw99xzbz6hw1mzg1zh9n1wxzpa497s25-texlive-combined-full-2021-final/s
hare/texmf/tex/latex/pgf/compatibility/pgfcomp-version-0-65.sty
Package: pgfcomp-version-0-65 2021/05/15 v3.1.9a (3.1.9a)
\pgf@nodesepstart=\dimen280
\pgf@nodesepend=\dimen281
)
(/nix/store/lw99xzbz6hw1mzg1zh9n1wxzpa497s25-texlive-combined-full-2021-final/s
hare/texmf/tex/latex/pgf/compatibility/pgfcomp-version-1-18.sty
Package: pgfcomp-version-1-18 2021/05/15 v3.1.9a (3.1.9a)
))
(/nix/store/lw99xzbz6hw1mzg1zh9n1wxzpa497s25-texlive-combined-full-2021-final/s
hare/texmf/tex/latex/pgf/utilities/pgffor.sty
(/nix/store/lw99xzbz6hw1mzg1zh9n1wxzpa497s25-texlive-combined-full-2021-final/s
hare/texmf/tex/latex/pgf/utilities/pgfkeys.sty
(/nix/store/lw99xzbz6hw1mzg1zh9n1wxzpa497s25-texlive-combined-full-2021-final/s
hare/texmf/tex/generic/pgf/utilities/pgfkeys.code.tex))
(/nix/store/lw99xzbz6hw1mzg1zh9n1wxzpa497s25-texlive-combined-full-2021-final/s
hare/texmf/tex/latex/pgf/math/pgfmath.sty
(/nix/store/lw99xzbz6hw1mzg1zh9n1wxzpa497s25-texlive-combined-full-2021-final/s
hare/texmf/tex/generic/pgf/math/pgfmath.code.tex))
(/nix/store/lw99xzbz6hw1mzg1zh9n1wxzpa497s25-texlive-combined-full-2021-final/s
hare/texmf/tex/generic/pgf/utilities/pgffor.code.tex
Package: pgffor 2021/05/15 v3.1.9a (3.1.9a)

(/nix/store/lw99xzbz6hw1mzg1zh9n1wxzpa497s25-texlive-combined-full-2021-final/s
hare/texmf/tex/generic/pgf/math/pgfmath.code.tex)
\pgffor@iter=\dimen282
\pgffor@skip=\dimen283
\pgffor@stack=\toks38
\pgffor@toks=\toks39
))
(/nix/store/lw99xzbz6hw1mzg1zh9n1wxzpa497s25-texlive-combined-full-2021-final/s
hare/texmf/tex/generic/pgf/frontendlayer/tikz/tikz.code.tex
Package: tikz 2021/05/15 v3.1.9a (3.1.9a)

(/nix/store/lw99xzbz6hw1mzg1zh9n1wxzpa497s25-texlive-combined-full-2021-final/s
hare/texmf/tex/generic/pgf/libraries/pgflibraryplothandlers.code.tex
File: pgflibraryplothandlers.code.tex 2021/05/15 v3.1.9a (3.1.9a)
\pgf@plot@mark@count=\count324
\pgfplotmarksize=\dimen284
)
\tikz@lastx=\dimen285
\tikz@lasty=\dimen286
\tikz@lastxsaved=\dimen287
\tikz@lastysaved=\dimen288
\tikz@lastmovetox=\dimen289
\tikz@lastmovetoy=\dimen290
\tikzleveldistance=\dimen291
\tikzsiblingdistance=\dimen292
\tikz@figbox=\box109
\tikz@figbox@bg=\box110
\tikz@tempbox=\box111
\tikz@tempbox@bg=\box112
\tikztreelevel=\count325
\tikznumberofchildren=\count326
\tikznumberofcurrentchild=\count327
\tikz@fig@count=\count328

(/nix/store/lw99xzbz6hw1mzg1zh9n1wxzpa497s25-texlive-combined-full-2021-final/s
hare/texmf/tex/generic/pgf/modules/pgfmodulematrix.code.tex
File: pgfmodulematrix.code.tex 2021/05/15 v3.1.9a (3.1.9a)
\pgfmatrixcurrentrow=\count329
\pgfmatrixcurrentcolumn=\count330
\pgf@matrix@numberofcolumns=\count331
)
\tikz@expandcount=\count332

(/nix/store/lw99xzbz6hw1mzg1zh9n1wxzpa497s25-texlive-combined-full-2021-final/s
hare/texmf/tex/generic/pgf/frontendlayer/tikz/libraries/tikzlibrarytopaths.code
.tex
File: tikzlibrarytopaths.code.tex 2021/05/15 v3.1.9a (3.1.9a)
)))
(/nix/store/lw99xzbz6hw1mzg1zh9n1wxzpa497s25-texlive-combined-full-2021-final/s
hare/texmf/tex/latex/pgfplots/pgfplots.sty
(/nix/store/lw99xzbz6hw1mzg1zh9n1wxzpa497s25-texlive-combined-full-2021-final/s
hare/texmf/tex/generic/pgfplots/pgfplots.revision.tex)
Package: pgfplots 2021/05/15 v1.18.1 Data Visualization (1.18.1)

(/nix/store/lw99xzbz6hw1mzg1zh9n1wxzpa497s25-texlive-combined-full-2021-final/s
hare/texmf/tex/generic/pgfplots/pgfplots.code.tex
(/nix/store/lw99xzbz6hw1mzg1zh9n1wxzpa497s25-texlive-combined-full-2021-final/s
hare/texmf/tex/generic/pgfplots/pgfplotscore.code.tex
\t@pgfplots@toka=\toks40
\t@pgfplots@tokb=\toks41
\t@pgfplots@tokc=\toks42
\pgfplots@tmpa=\dimen293
\c@pgfplots@coordindex=\count333
\c@pgfplots@scanlineindex=\count334

(/nix/store/lw99xzbz6hw1mzg1zh9n1wxzpa497s25-texlive-combined-full-2021-final/s
hare/texmf/tex/generic/pgfplots/sys/pgfplotssysgeneric.code.tex))
(/nix/store/lw99xzbz6hw1mzg1zh9n1wxzpa497s25-texlive-combined-full-2021-final/s
hare/texmf/tex/generic/pgfplots/libs/pgfplotslibrary.code.tex)
(/nix/store/lw99xzbz6hw1mzg1zh9n1wxzpa497s25-texlive-combined-full-2021-final/s
hare/texmf/tex/generic/pgfplots/oldpgfcompatib/pgfplotsoldpgfsupp_loader.code.t
ex
(/nix/store/lw99xzbz6hw1mzg1zh9n1wxzpa497s25-texlive-combined-full-2021-final/s
hare/texmf/tex/generic/pgf/libraries/pgflibraryfpu.code.tex))
(/nix/store/lw99xzbz6hw1mzg1zh9n1wxzpa497s25-texlive-combined-full-2021-final/s
hare/texmf/tex/generic/pgfplots/util/pgfplotsutil.code.tex
(/nix/store/lw99xzbz6hw1mzg1zh9n1wxzpa497s25-texlive-combined-full-2021-final/s
hare/texmf/tex/generic/pgfplots/liststructure/pgfplotsliststructure.code.tex)
(/nix/store/lw99xzbz6hw1mzg1zh9n1wxzpa497s25-texlive-combined-full-2021-final/s
hare/texmf/tex/generic/pgfplots/liststructure/pgfplotsliststructureext.code.tex
)
(/nix/store/lw99xzbz6hw1mzg1zh9n1wxzpa497s25-texlive-combined-full-2021-final/s
hare/texmf/tex/generic/pgfplots/liststructure/pgfplotsarray.code.tex
\c@pgfplotsarray@tmp=\count335
)
(/nix/store/lw99xzbz6hw1mzg1zh9n1wxzpa497s25-texlive-combined-full-2021-final/s
hare/texmf/tex/generic/pgfplots/liststructure/pgfplotsmatrix.code.tex)
(/nix/store/lw99xzbz6hw1mzg1zh9n1wxzpa497s25-texlive-combined-full-2021-final/s
hare/texmf/tex/generic/pgfplots/numtable/pgfplotstableshared.code.tex
\c@pgfplotstable@counta=\count336
\t@pgfplotstable@a=\toks43
)
(/nix/store/lw99xzbz6hw1mzg1zh9n1wxzpa497s25-texlive-combined-full-2021-final/s
hare/texmf/tex/generic/pgfplots/liststructure/pgfplotsdeque.code.tex)
(/nix/store/lw99xzbz6hw1mzg1zh9n1wxzpa497s25-texlive-combined-full-2021-final/s
hare/texmf/tex/generic/pgfplots/util/pgfplotsbinary.code.tex
(/nix/store/lw99xzbz6hw1mzg1zh9n1wxzpa497s25-texlive-combined-full-2021-final/s
hare/texmf/tex/generic/pgfplots/util/pgfplotsbinary.data.code.tex))
(/nix/store/lw99xzbz6hw1mzg1zh9n1wxzpa497s25-texlive-combined-full-2021-final/s
hare/texmf/tex/generic/pgfplots/util/pgfplotsutil.verb.code.tex)
(/nix/store/lw99xzbz6hw1mzg1zh9n1wxzpa497s25-texlive-combined-full-2021-final/s
hare/texmf/tex/generic/pgfplots/libs/pgflibrarypgfplots.surfshading.code.tex
\c@pgfplotslibrarysurf@no=\count337

(/nix/store/lw99xzbz6hw1mzg1zh9n1wxzpa497s25-texlive-combined-full-2021-final/s
hare/texmf/tex/generic/pgfplots/sys/pgflibrarypgfplots.surfshading.pgfsys-pdfte
x.def)))
(/nix/store/lw99xzbz6hw1mzg1zh9n1wxzpa497s25-texlive-combined-full-2021-final/s
hare/texmf/tex/generic/pgfplots/util/pgfplotscolormap.code.tex
(/nix/store/lw99xzbz6hw1mzg1zh9n1wxzpa497s25-texlive-combined-full-2021-final/s
hare/texmf/tex/generic/pgfplots/util/pgfplotscolor.code.tex))
(/nix/store/lw99xzbz6hw1mzg1zh9n1wxzpa497s25-texlive-combined-full-2021-final/s
hare/texmf/tex/generic/pgfplots/pgfplotsstackedplots.code.tex)
(/nix/store/lw99xzbz6hw1mzg1zh9n1wxzpa497s25-texlive-combined-full-2021-final/s
hare/texmf/tex/generic/pgfplots/pgfplotsplothandlers.code.tex
(/nix/store/lw99xzbz6hw1mzg1zh9n1wxzpa497s25-texlive-combined-full-2021-final/s
hare/texmf/tex/generic/pgfplots/pgfplotsmeshplothandler.code.tex
(/nix/store/lw99xzbz6hw1mzg1zh9n1wxzpa497s25-texlive-combined-full-2021-final/s
hare/texmf/tex/generic/pgfplots/pgfplotsmeshplotimage.code.tex)))
(/nix/store/lw99xzbz6hw1mzg1zh9n1wxzpa497s25-texlive-combined-full-2021-final/s
hare/texmf/tex/generic/pgfplots/pgfplots.scaling.code.tex)
(/nix/store/lw99xzbz6hw1mzg1zh9n1wxzpa497s25-texlive-combined-full-2021-final/s
hare/texmf/tex/generic/pgfplots/pgfplotscoordprocessing.code.tex)
(/nix/store/lw99xzbz6hw1mzg1zh9n1wxzpa497s25-texlive-combined-full-2021-final/s
hare/texmf/tex/generic/pgfplots/pgfplots.errorbars.code.tex)
(/nix/store/lw99xzbz6hw1mzg1zh9n1wxzpa497s25-texlive-combined-full-2021-final/s
hare/texmf/tex/generic/pgfplots/pgfplots.markers.code.tex)
(/nix/store/lw99xzbz6hw1mzg1zh9n1wxzpa497s25-texlive-combined-full-2021-final/s
hare/texmf/tex/generic/pgfplots/pgfplotsticks.code.tex)
(/nix/store/lw99xzbz6hw1mzg1zh9n1wxzpa497s25-texlive-combined-full-2021-final/s
hare/texmf/tex/generic/pgfplots/pgfplots.paths.code.tex)
(/nix/store/lw99xzbz6hw1mzg1zh9n1wxzpa497s25-texlive-combined-full-2021-final/s
hare/texmf/tex/generic/pgf/frontendlayer/tikz/libraries/tikzlibrarydecorations.
code.tex
(/nix/store/lw99xzbz6hw1mzg1zh9n1wxzpa497s25-texlive-combined-full-2021-final/s
hare/texmf/tex/generic/pgf/modules/pgfmoduledecorations.code.tex
\pgfdecoratedcompleteddistance=\dimen294
\pgfdecoratedremainingdistance=\dimen295
\pgfdecoratedinputsegmentcompleteddistance=\dimen296
\pgfdecoratedinputsegmentremainingdistance=\dimen297
\pgf@decorate@distancetomove=\dimen298
\pgf@decorate@repeatstate=\count338
\pgfdecorationsegmentamplitude=\dimen299
\pgfdecorationsegmentlength=\dimen300
)
\tikz@lib@dec@box=\box113
)
(/nix/store/lw99xzbz6hw1mzg1zh9n1wxzpa497s25-texlive-combined-full-2021-final/s
hare/texmf/tex/generic/pgf/frontendlayer/tikz/libraries/tikzlibrarydecorations.
pathmorphing.code.tex
(/nix/store/lw99xzbz6hw1mzg1zh9n1wxzpa497s25-texlive-combined-full-2021-final/s
hare/texmf/tex/generic/pgf/libraries/decorations/pgflibrarydecorations.pathmorp
hing.code.tex))
(/nix/store/lw99xzbz6hw1mzg1zh9n1wxzpa497s25-texlive-combined-full-2021-final/s
hare/texmf/tex/generic/pgf/frontendlayer/tikz/libraries/tikzlibrarydecorations.
pathreplacing.code.tex
(/nix/store/lw99xzbz6hw1mzg1zh9n1wxzpa497s25-texlive-combined-full-2021-final/s
hare/texmf/tex/generic/pgf/libraries/decorations/pgflibrarydecorations.pathrepl
acing.code.tex))
(/nix/store/lw99xzbz6hw1mzg1zh9n1wxzpa497s25-texlive-combined-full-2021-final/s
hare/texmf/tex/generic/pgfplots/libs/tikzlibrarypgfplots.contourlua.code.tex)
\pgfplots@numplots=\count339
\pgfplots@xmin@reg=\dimen301
\pgfplots@xmax@reg=\dimen302
\pgfplots@ymin@reg=\dimen303
\pgfplots@ymax@reg=\dimen304
\pgfplots@zmin@reg=\dimen305
\pgfplots@zmax@reg=\dimen306
)
(/nix/store/lw99xzbz6hw1mzg1zh9n1wxzpa497s25-texlive-combined-full-2021-final/s
hare/texmf/tex/generic/pgf/frontendlayer/tikz/libraries/tikzlibraryplotmarks.co
de.tex
File: tikzlibraryplotmarks.code.tex 2021/05/15 v3.1.9a (3.1.9a)

(/nix/store/lw99xzbz6hw1mzg1zh9n1wxzpa497s25-texlive-combined-full-2021-final/s
hare/texmf/tex/generic/pgf/libraries/pgflibraryplotmarks.code.tex
File: pgflibraryplotmarks.code.tex 2021/05/15 v3.1.9a (3.1.9a)
)))
(/nix/store/lw99xzbz6hw1mzg1zh9n1wxzpa497s25-texlive-combined-full-2021-final/s
hare/texmf/tex/latex/enumitem/enumitem.sty
Package: enumitem 2019/06/20 v3.9 Customized lists
\labelindent=\skip59
\enit@outerparindent=\dimen307
\enit@toks=\toks44
\enit@inbox=\box114
\enit@count@id=\count340
\enitdp@description=\count341
)
(/nix/store/lw99xzbz6hw1mzg1zh9n1wxzpa497s25-texlive-combined-full-2021-final/s
hare/texmf/tex/latex/tools/array.sty
Package: array 2021/10/04 v2.5f Tabular extension package (FMi)
\col@sep=\dimen308
\ar@mcellbox=\box115
\extrarowheight=\dimen309
\NC@list=\toks45
\extratabsurround=\skip60
\backup@length=\skip61
\ar@cellbox=\box116
)
(/nix/store/lw99xzbz6hw1mzg1zh9n1wxzpa497s25-texlive-combined-full-2021-final/s
hare/texmf/tex/latex/listings/listings.sty
\lst@mode=\count342
\lst@gtempboxa=\box117
\lst@token=\toks46
\lst@length=\count343
\lst@currlwidth=\dimen310
\lst@column=\count344
\lst@pos=\count345
\lst@lostspace=\dimen311
\lst@width=\dimen312
\lst@newlines=\count346
\lst@lineno=\count347
\lst@maxwidth=\dimen313

(/nix/store/lw99xzbz6hw1mzg1zh9n1wxzpa497s25-texlive-combined-full-2021-final/s
hare/texmf/tex/latex/listings/lstmisc.sty
File: lstmisc.sty 2020/03/24 1.8d (Carsten Heinz)
\c@lstnumber=\count348
\lst@skipnumbers=\count349
\lst@framebox=\box118
)
(/nix/store/lw99xzbz6hw1mzg1zh9n1wxzpa497s25-texlive-combined-full-2021-final/s
hare/texmf/tex/latex/listings/listings.cfg
File: listings.cfg 2020/03/24 1.8d listings configuration
))
Package: listings 2020/03/24 1.8d (Carsten Heinz)


Package Listings Warning: Unknown column format `{fixed}' on input line 63.


(/nix/store/lw99xzbz6hw1mzg1zh9n1wxzpa497s25-texlive-combined-full-2021-final/s
hare/texmf/tex/latex/etoolbox/etoolbox.sty
Package: etoolbox 2020/10/05 v2.5k e-TeX tools for LaTeX (JAW)
\etb@tempcnta=\count350
)
(/nix/store/lw99xzbz6hw1mzg1zh9n1wxzpa497s25-texlive-combined-full-2021-final/s
hare/texmf/tex/latex/tools/calc.sty
Package: calc 2017/05/25 v4.3 Infix arithmetic (KKT,FJ)
\calc@Acount=\count351
\calc@Bcount=\count352
\calc@Adimen=\dimen314
\calc@Bdimen=\dimen315
\calc@Askip=\skip62
\calc@Bskip=\skip63
LaTeX Info: Redefining \setlength on input line 80.
LaTeX Info: Redefining \addtolength on input line 81.
\calc@Ccount=\count353
\calc@Cskip=\skip64
)
(/nix/store/lw99xzbz6hw1mzg1zh9n1wxzpa497s25-texlive-combined-full-2021-final/s
hare/texmf/tex/latex/todonotes/todonotes.sty
Package: todonotes 2021/06/04 v1.1.5 Todonotes source and documentation.
Package: todonotes 2021/06/04

(/nix/store/lw99xzbz6hw1mzg1zh9n1wxzpa497s25-texlive-combined-full-2021-final/s
hare/texmf/tex/latex/base/ifthen.sty
Package: ifthen 2020/11/24 v1.1c Standard LaTeX ifthen package (DPC)
)
(/nix/store/lw99xzbz6hw1mzg1zh9n1wxzpa497s25-texlive-combined-full-2021-final/s
hare/texmf/tex/latex/xkeyval/xkeyval.sty
Package: xkeyval 2020/11/20 v2.8 package option processing (HA)

(/nix/store/lw99xzbz6hw1mzg1zh9n1wxzpa497s25-texlive-combined-full-2021-final/s
hare/texmf/tex/generic/xkeyval/xkeyval.tex
(/nix/store/lw99xzbz6hw1mzg1zh9n1wxzpa497s25-texlive-combined-full-2021-final/s
hare/texmf/tex/generic/xkeyval/xkvutils.tex
\XKV@toks=\toks47
\XKV@tempa@toks=\toks48
)
\XKV@depth=\count354
File: xkeyval.tex 2014/12/03 v2.7a key=value parser (HA)
))
(/nix/store/lw99xzbz6hw1mzg1zh9n1wxzpa497s25-texlive-combined-full-2021-final/s
hare/texmf/tex/generic/pgf/frontendlayer/tikz/libraries/tikzlibrarypositioning.
code.tex
File: tikzlibrarypositioning.code.tex 2021/05/15 v3.1.9a (3.1.9a)
)
\c@@todonotes@numberoftodonotes=\count355
)
(/nix/store/lw99xzbz6hw1mzg1zh9n1wxzpa497s25-texlive-combined-full-2021-final/s
hare/texmf/tex/latex/hyperref/hyperref.sty
Package: hyperref 2022-02-21 v7.00n Hypertext links for LaTeX

(/nix/store/lw99xzbz6hw1mzg1zh9n1wxzpa497s25-texlive-combined-full-2021-final/s
hare/texmf/tex/generic/ltxcmds/ltxcmds.sty
Package: ltxcmds 2020-05-10 v1.25 LaTeX kernel commands for general use (HO)
)
(/nix/store/lw99xzbz6hw1mzg1zh9n1wxzpa497s25-texlive-combined-full-2021-final/s
hare/texmf/tex/generic/iftex/iftex.sty
Package: iftex 2022/02/03 v1.0f TeX engine tests
)
(/nix/store/lw99xzbz6hw1mzg1zh9n1wxzpa497s25-texlive-combined-full-2021-final/s
hare/texmf/tex/generic/pdftexcmds/pdftexcmds.sty
Package: pdftexcmds 2020-06-27 v0.33 Utility functions of pdfTeX for LuaTeX (HO
)

(/nix/store/lw99xzbz6hw1mzg1zh9n1wxzpa497s25-texlive-combined-full-2021-final/s
hare/texmf/tex/generic/infwarerr/infwarerr.sty
Package: infwarerr 2019/12/03 v1.5 Providing info/warning/error messages (HO)
)
Package pdftexcmds Info: \pdf@primitive is available.
Package pdftexcmds Info: \pdf@ifprimitive is available.
Package pdftexcmds Info: \pdfdraftmode found.
)
(/nix/store/lw99xzbz6hw1mzg1zh9n1wxzpa497s25-texlive-combined-full-2021-final/s
hare/texmf/tex/generic/kvsetkeys/kvsetkeys.sty
Package: kvsetkeys 2019/12/15 v1.18 Key value parser (HO)
)
(/nix/store/lw99xzbz6hw1mzg1zh9n1wxzpa497s25-texlive-combined-full-2021-final/s
hare/texmf/tex/generic/kvdefinekeys/kvdefinekeys.sty
Package: kvdefinekeys 2019-12-19 v1.6 Define keys (HO)
)
(/nix/store/lw99xzbz6hw1mzg1zh9n1wxzpa497s25-texlive-combined-full-2021-final/s
hare/texmf/tex/generic/pdfescape/pdfescape.sty
Package: pdfescape 2019/12/09 v1.15 Implements pdfTeX's escape features (HO)
)
(/nix/store/lw99xzbz6hw1mzg1zh9n1wxzpa497s25-texlive-combined-full-2021-final/s
hare/texmf/tex/latex/hycolor/hycolor.sty
Package: hycolor 2020-01-27 v1.10 Color options for hyperref/bookmark (HO)
)
(/nix/store/lw99xzbz6hw1mzg1zh9n1wxzpa497s25-texlive-combined-full-2021-final/s
hare/texmf/tex/latex/letltxmacro/letltxmacro.sty
Package: letltxmacro 2019/12/03 v1.6 Let assignment for LaTeX macros (HO)
)
(/nix/store/lw99xzbz6hw1mzg1zh9n1wxzpa497s25-texlive-combined-full-2021-final/s
hare/texmf/tex/latex/auxhook/auxhook.sty
Package: auxhook 2019-12-17 v1.6 Hooks for auxiliary files (HO)
)
(/nix/store/lw99xzbz6hw1mzg1zh9n1wxzpa497s25-texlive-combined-full-2021-final/s
hare/texmf/tex/latex/kvoptions/kvoptions.sty
Package: kvoptions 2020-10-07 v3.14 Key value format for package options (HO)
)
\@linkdim=\dimen316
\Hy@linkcounter=\count356
\Hy@pagecounter=\count357

(/nix/store/lw99xzbz6hw1mzg1zh9n1wxzpa497s25-texlive-combined-full-2021-final/s
hare/texmf/tex/latex/hyperref/pd1enc.def
File: pd1enc.def 2022-02-21 v7.00n Hyperref: PDFDocEncoding definition (HO)
Now handling font encoding PD1 ...
... no UTF-8 mapping file for font encoding PD1
)
(/nix/store/lw99xzbz6hw1mzg1zh9n1wxzpa497s25-texlive-combined-full-2021-final/s
hare/texmf/tex/generic/intcalc/intcalc.sty
Package: intcalc 2019/12/15 v1.3 Expandable calculations with integers (HO)
)
(/nix/store/lw99xzbz6hw1mzg1zh9n1wxzpa497s25-texlive-combined-full-2021-final/s
hare/texmf/tex/generic/etexcmds/etexcmds.sty
Package: etexcmds 2019/12/15 v1.7 Avoid name clashes with e-TeX commands (HO)
)
\Hy@SavedSpaceFactor=\count358

(/nix/store/lw99xzbz6hw1mzg1zh9n1wxzpa497s25-texlive-combined-full-2021-final/s
hare/texmf/tex/latex/hyperref/puenc.def
File: puenc.def 2022-02-21 v7.00n Hyperref: PDF Unicode definition (HO)
Now handling font encoding PU ...
... no UTF-8 mapping file for font encoding PU
)
Package hyperref Info: Hyper figures OFF on input line 4137.
Package hyperref Info: Link nesting OFF on input line 4142.
Package hyperref Info: Hyper index ON on input line 4145.
Package hyperref Info: Plain pages OFF on input line 4152.
Package hyperref Info: Backreferencing OFF on input line 4157.
Package hyperref Info: Implicit mode ON; LaTeX internals redefined.
Package hyperref Info: Bookmarks ON on input line 4390.
\c@Hy@tempcnt=\count359

(/nix/store/lw99xzbz6hw1mzg1zh9n1wxzpa497s25-texlive-combined-full-2021-final/s
hare/texmf/tex/latex/url/url.sty
\Urlmuskip=\muskip17
Package: url 2013/09/16  ver 3.4  Verb mode for urls, etc.
)
LaTeX Info: Redefining \url on input line 4749.
\XeTeXLinkMargin=\dimen317

(/nix/store/lw99xzbz6hw1mzg1zh9n1wxzpa497s25-texlive-combined-full-2021-final/s
hare/texmf/tex/generic/bitset/bitset.sty
Package: bitset 2019/12/09 v1.3 Handle bit-vector datatype (HO)

(/nix/store/lw99xzbz6hw1mzg1zh9n1wxzpa497s25-texlive-combined-full-2021-final/s
hare/texmf/tex/generic/bigintcalc/bigintcalc.sty
Package: bigintcalc 2019/12/15 v1.5 Expandable calculations on big integers (HO
)
))
\Fld@menulength=\count360
\Field@Width=\dimen318
\Fld@charsize=\dimen319
Package hyperref Info: Hyper figures OFF on input line 6027.
Package hyperref Info: Link nesting OFF on input line 6032.
Package hyperref Info: Hyper index ON on input line 6035.
Package hyperref Info: backreferencing OFF on input line 6042.
Package hyperref Info: Link coloring OFF on input line 6047.
Package hyperref Info: Link coloring with OCG OFF on input line 6052.
Package hyperref Info: PDF/A mode OFF on input line 6057.
LaTeX Info: Redefining \ref on input line 6097.
LaTeX Info: Redefining \pageref on input line 6101.

(/nix/store/lw99xzbz6hw1mzg1zh9n1wxzpa497s25-texlive-combined-full-2021-final/s
hare/texmf/tex/latex/base/atbegshi-ltx.sty
Package: atbegshi-ltx 2021/01/10 v1.0c Emulation of the original atbegshi
package with kernel methods
)
\Hy@abspage=\count361
\c@Item=\count362
\c@Hfootnote=\count363
)
Package hyperref Info: Driver (autodetected): hpdftex.

(/nix/store/lw99xzbz6hw1mzg1zh9n1wxzpa497s25-texlive-combined-full-2021-final/s
hare/texmf/tex/latex/hyperref/hpdftex.def
File: hpdftex.def 2022-02-21 v7.00n Hyperref driver for pdfTeX

(/nix/store/lw99xzbz6hw1mzg1zh9n1wxzpa497s25-texlive-combined-full-2021-final/s
hare/texmf/tex/latex/base/atveryend-ltx.sty
Package: atveryend-ltx 2020/08/19 v1.0a Emulation of the original atveryend pac
kage
with kernel methods
)
\Fld@listcount=\count364
\c@bookmark@seq@number=\count365

(/nix/store/lw99xzbz6hw1mzg1zh9n1wxzpa497s25-texlive-combined-full-2021-final/s
hare/texmf/tex/latex/rerunfilecheck/rerunfilecheck.sty
Package: rerunfilecheck 2019/12/05 v1.9 Rerun checks for auxiliary files (HO)

(/nix/store/lw99xzbz6hw1mzg1zh9n1wxzpa497s25-texlive-combined-full-2021-final/s
hare/texmf/tex/generic/uniquecounter/uniquecounter.sty
Package: uniquecounter 2019/12/15 v1.4 Provide unlimited unique counter (HO)
)
Package uniquecounter Info: New unique counter `rerunfilecheck' on input line 2
86.
)
\Hy@SectionHShift=\skip65
)
\trianglewidth=\skip66
LaTeX Font Info:    Trying to load font information for U+msa on input line 109
.

(/nix/store/lw99xzbz6hw1mzg1zh9n1wxzpa497s25-texlive-combined-full-2021-final/s
hare/texmf/tex/latex/amsfonts/umsa.fd
File: umsa.fd 2013/01/14 v3.01 AMS symbols A
)
LaTeX Font Info:    Trying to load font information for U+msb on input line 109
.

(/nix/store/lw99xzbz6hw1mzg1zh9n1wxzpa497s25-texlive-combined-full-2021-final/s
hare/texmf/tex/latex/amsfonts/umsb.fd
File: umsb.fd 2013/01/14 v3.01 AMS symbols B
)
LaTeX Font Info:    Trying to load font information for U+stmry on input line 1
09.

(/nix/store/lw99xzbz6hw1mzg1zh9n1wxzpa497s25-texlive-combined-full-2021-final/s
hare/texmf/tex/latex/stmaryrd/Ustmry.fd)
(/nix/store/lw99xzbz6hw1mzg1zh9n1wxzpa497s25-texlive-combined-full-2021-final/s
hare/texmf/tex/latex/l3backend/l3backend-pdftex.def
File: l3backend-pdftex.def 2022-02-07 L3 backend support: PDF output (pdfTeX)
\l__color_backend_stack_int=\count366
\l__pdf_internal_box=\box119
) (build/paper.aux)
\openout1 = `paper.aux'.

LaTeX Font Info:    Checking defaults for OML/cmm/m/it on input line 140.
LaTeX Font Info:    ... okay on input line 140.
LaTeX Font Info:    Checking defaults for OMS/cmsy/m/n on input line 140.
LaTeX Font Info:    ... okay on input line 140.
LaTeX Font Info:    Checking defaults for OT1/cmr/m/n on input line 140.
LaTeX Font Info:    ... okay on input line 140.
LaTeX Font Info:    Checking defaults for T1/cmr/m/n on input line 140.
LaTeX Font Info:    ... okay on input line 140.
LaTeX Font Info:    Checking defaults for TS1/cmr/m/n on input line 140.
LaTeX Font Info:    ... okay on input line 140.
LaTeX Font Info:    Checking defaults for OMX/cmex/m/n on input line 140.
LaTeX Font Info:    ... okay on input line 140.
LaTeX Font Info:    Checking defaults for U/cmr/m/n on input line 140.
LaTeX Font Info:    ... okay on input line 140.
LaTeX Font Info:    Checking defaults for PD1/pdf/m/n on input line 140.
LaTeX Font Info:    ... okay on input line 140.
LaTeX Font Info:    Checking defaults for PU/pdf/m/n on input line 140.
LaTeX Font Info:    ... okay on input line 140.

(/nix/store/lw99xzbz6hw1mzg1zh9n1wxzpa497s25-texlive-combined-full-2021-final/s
hare/texmf/tex/context/base/mkii/supp-pdf.mkii
[Loading MPS to PDF converter (version 2006.09.02).]
\scratchcounter=\count367
\scratchdimen=\dimen320
\scratchbox=\box120
\nofMPsegments=\count368
\nofMParguments=\count369
\everyMPshowfont=\toks49
\MPscratchCnt=\count370
\MPscratchDim=\dimen321
\MPnumerator=\count371
\makeMPintoPDFobject=\count372
\everyMPtoPDFconversion=\toks50
)
(/nix/store/lw99xzbz6hw1mzg1zh9n1wxzpa497s25-texlive-combined-full-2021-final/s
hare/texmf/tex/latex/epstopdf-pkg/epstopdf-base.sty
Package: epstopdf-base 2020-01-24 v2.11 Base part for package epstopdf
Package epstopdf-base Info: Redefining graphics rule for `.eps' on input line 4
85.

(/nix/store/lw99xzbz6hw1mzg1zh9n1wxzpa497s25-texlive-combined-full-2021-final/s
hare/texmf/tex/latex/latexconfig/epstopdf-sys.cfg
File: epstopdf-sys.cfg 2010/07/13 v1.3 Configuration of (r)epstopdf for TeX Liv
e
))

Package pgfplots Warning: running in backwards compatibility mode (unsuitable t
ick labels; missing features). Consider writing \pgfplotsset{compat=1.18} into 
your preamble.
 on input line 140.

\c@lstlisting=\count373
Package hyperref Info: Link coloring OFF on input line 140.

(/nix/store/lw99xzbz6hw1mzg1zh9n1wxzpa497s25-texlive-combined-full-2021-final/s
hare/texmf/tex/latex/hyperref/nameref.sty
Package: nameref 2021-04-02 v2.47 Cross-referencing by name of section

(/nix/store/lw99xzbz6hw1mzg1zh9n1wxzpa497s25-texlive-combined-full-2021-final/s
hare/texmf/tex/latex/refcount/refcount.sty
Package: refcount 2019/12/15 v3.6 Data extraction from label references (HO)
)
(/nix/store/lw99xzbz6hw1mzg1zh9n1wxzpa497s25-texlive-combined-full-2021-final/s
hare/texmf/tex/generic/gettitlestring/gettitlestring.sty
Package: gettitlestring 2019/12/15 v1.6 Cleanup title references (HO)
)
\c@section@level=\count374
)
LaTeX Info: Redefining \ref on input line 140.
LaTeX Info: Redefining \pageref on input line 140.
LaTeX Info: Redefining \nameref on input line 140.
 (build/paper.out)
(build/paper.out)
\@outlinefile=\write4
\openout4 = `paper.out'.

LaTeX Font Info:    Trying to load font information for T1+cmtt on input line 1
54.

(/nix/store/lw99xzbz6hw1mzg1zh9n1wxzpa497s25-texlive-combined-full-2021-final/s
hare/texmf/tex/latex/base/t1cmtt.fd
File: t1cmtt.fd 2019/12/16 v2.5j Standard LaTeX font definitions
) [1

{/nix/store/lw99xzbz6hw1mzg1zh9n1wxzpa497s25-texlive-combined-full-2021-final/s
hare/texmf-var/fonts/map/pdftex/updmap/pdftex.map}] [2]
LaTeX Font Info:    Font shape `T1/cmtt/bx/n' in size <10> not available
(Font)              Font shape `T1/cmtt/m/n' tried instead on input line 250.
 [3]

LaTeX Font Warning: Font shape `U/stmry/b/n' undefined
(Font)              using `U/stmry/m/n' instead on input line 265.

[4]
Overfull \hbox (1.068pt too wide) in paragraph at lines 383--384
[]|[][][][][][][][][]| 
 []

[5]
<./symbols/lefttriangle.pdf, id=217, 4.70558pt x 5.58185pt>
File: ./symbols/lefttriangle.pdf Graphic file (type pdf)
<use ./symbols/lefttriangle.pdf>
Package pdftex.def Info: ./symbols/lefttriangle.pdf  used on input line 399.
(pdftex.def)             Requested size: 4.70557pt x 5.58182pt.
File: ./symbols/lefttriangle.pdf Graphic file (type pdf)
<use ./symbols/lefttriangle.pdf>
Package pdftex.def Info: ./symbols/lefttriangle.pdf  used on input line 410.
(pdftex.def)             Requested size: 4.70557pt x 5.58182pt.
File: ./symbols/lefttriangle.pdf Graphic file (type pdf)
<use ./symbols/lefttriangle.pdf>
Package pdftex.def Info: ./symbols/lefttriangle.pdf  used on input line 419.
(pdftex.def)             Requested size: 4.70557pt x 5.58182pt.
 [6 <./symbols/lefttriangle.pdf>]
Overfull \hbox (0.54625pt too wide) in paragraph at lines 458--462
 []|[]| 
 []


Overfull \hbox (2.72536pt too wide) in paragraph at lines 473--478
 []|[]| 
 []

<./symbols/lefttrianglebar.pdf, id=240, 4.70558pt x 5.58185pt>
File: ./symbols/lefttrianglebar.pdf Graphic file (type pdf)
<use ./symbols/lefttrianglebar.pdf>
Package pdftex.def Info: ./symbols/lefttrianglebar.pdf  used on input line 500.

(pdftex.def)             Requested size: 4.70557pt x 5.58182pt.
File: ./symbols/lefttrianglebar.pdf Graphic file (type pdf)
<use ./symbols/lefttrianglebar.pdf>
Package pdftex.def Info: ./symbols/lefttrianglebar.pdf  used on input line 505.

(pdftex.def)             Requested size: 4.70557pt x 5.58182pt.
[7 <./symbols/lefttrianglebar.pdf>]
File: ./symbols/lefttriangle.pdf Graphic file (type pdf)
<use ./symbols/lefttriangle.pdf>
Package pdftex.def Info: ./symbols/lefttriangle.pdf  used on input line 533.
(pdftex.def)             Requested size: 4.70557pt x 5.58182pt.
File: ./symbols/lefttrianglebar.pdf Graphic file (type pdf)
<use ./symbols/lefttrianglebar.pdf>
Package pdftex.def Info: ./symbols/lefttrianglebar.pdf  used on input line 537.

(pdftex.def)             Requested size: 4.70557pt x 5.58182pt.
File: ./symbols/lefttriangle.pdf Graphic file (type pdf)
<use ./symbols/lefttriangle.pdf>
Package pdftex.def Info: ./symbols/lefttriangle.pdf  used on input line 557.
(pdftex.def)             Requested size: 4.70557pt x 5.58182pt.
 [8]
File: ./symbols/lefttriangle.pdf Graphic file (type pdf)
<use ./symbols/lefttriangle.pdf>
Package pdftex.def Info: ./symbols/lefttriangle.pdf  used on input line 559.
(pdftex.def)             Requested size: 4.70557pt x 5.58182pt.
 [9] [10] [11]
File: ./symbols/lefttriangle.pdf Graphic file (type pdf)
<use ./symbols/lefttriangle.pdf>
Package pdftex.def Info: ./symbols/lefttriangle.pdf  used on input line 716.
(pdftex.def)             Requested size: 4.70557pt x 5.58182pt.
File: ./symbols/lefttriangle.pdf Graphic file (type pdf)
<use ./symbols/lefttriangle.pdf>
Package pdftex.def Info: ./symbols/lefttriangle.pdf  used on input line 719.
(pdftex.def)             Requested size: 4.70557pt x 5.58182pt.
File: ./symbols/lefttrianglebar.pdf Graphic file (type pdf)
<use ./symbols/lefttrianglebar.pdf>
Package pdftex.def Info: ./symbols/lefttrianglebar.pdf  used on input line 726.

(pdftex.def)             Requested size: 4.70557pt x 5.58182pt.
File: ./symbols/lefttrianglebar.pdf Graphic file (type pdf)
<use ./symbols/lefttrianglebar.pdf>
Package pdftex.def Info: ./symbols/lefttrianglebar.pdf  used on input line 730.

(pdftex.def)             Requested size: 4.70557pt x 5.58182pt.
 [12] [13] [14]
(build/paper.bbl [15] [16

]
Underfull \hbox (badness 3965) in paragraph at lines 140--144
\T1/cmr/m/n/10 (Novem-ber 2013), ISSN 2150-914x, []$\T1/cmtt/m/n/10 https : / /
 isa-[]afp . org / entries /
 []

[17]
Underfull \hbox (badness 10000) in paragraph at lines 151--154
[]$\T1/cmtt/m/n/10 https : / / github . com / lukasstevens / set-[]decision-[]p
rocedure / tree /
 []

) [18]
Overfull \hbox (1.57155pt too wide) in paragraph at lines 906--908
\T1/cmr/m/n/10 We in-tro-duce the func-tion [][][][][][][][][][][][][][][] that
 is over-loaded
 []

[19


] [20

] [21]
Overfull \hbox (8.39995pt too wide) in paragraph at lines 1042--1051
 []|[]| 
 []


Overfull \hbox (8.39995pt too wide) in paragraph at lines 1052--1061
 []|[]| 
 []


Overfull \hbox (8.39995pt too wide) in paragraph at lines 1065--1073
 []|[]| 
 []


Overfull \hbox (8.39995pt too wide) in paragraph at lines 1074--1083
 []|[]| 
 []


Overfull \hbox (8.39995pt too wide) in paragraph at lines 1087--1092
 []|[]| 
 []


Overfull \hbox (8.39995pt too wide) in paragraph at lines 1093--1099
 []|[]| 
 []


Overfull \hbox (1.456pt too wide) in paragraph at lines 1038--1101
 [][] 
 []

[22

]
Overfull \hbox (0.54625pt too wide) in paragraph at lines 1147--1151
 []|[]| 
 []


Overfull \hbox (0.92227pt too wide) in paragraph at lines 1164--1168
 []|[]| 
 []


Overfull \hbox (1.95004pt too wide) in paragraph at lines 1181--1185
 []|[]| 
 []


Overfull \hbox (2.72536pt too wide) in paragraph at lines 1192--1197
 []|[]| 
 []

[23

] (build/paper.aux)

LaTeX Font Warning: Some font shapes were not available, defaults substituted.

Package rerunfilecheck Info: File `paper.out' has not changed.
(rerunfilecheck)             Checksum: C61BE95B2F60D9BE98F22FE6E2DAA778;3337.
 ) 
Here is how much of TeX's memory you used:
 35965 strings out of 478278
 827057 string characters out of 5819600
 1222929 words of memory out of 5000000
 53288 multiletter control sequences out of 15000+600000
 490734 words of font info for 86 fonts, out of 8000000 for 9000
 1143 hyphenation exceptions out of 8191
 84i,29n,80p,701b,1773s stack positions out of 5000i,500n,10000p,200000b,80000s
{/nix/store/lw99xzbz6hw1mzg1zh9n1wxzpa497s25-texlive-combined-full-2021-final
/share/texmf/fonts/enc/dvips/cm-super/cm-super-t1.enc}{/nix/store/lw99xzbz6hw1m
zg1zh9n1wxzpa497s25-texlive-combined-full-2021-final/share/texmf/fonts/enc/dvip
s/cm-super/cm-super-ts1.enc}</nix/store/lw99xzbz6hw1mzg1zh9n1wxzpa497s25-texliv
e-combined-full-2021-final/share/texmf/fonts/type1/public/amsfonts/cm/cmbsy10.p
fb></nix/store/lw99xzbz6hw1mzg1zh9n1wxzpa497s25-texlive-combined-full-2021-fina
l/share/texmf/fonts/type1/public/amsfonts/cmextra/cmbsy9.pfb></nix/store/lw99xz
bz6hw1mzg1zh9n1wxzpa497s25-texlive-combined-full-2021-final/share/texmf/fonts/t
ype1/public/amsfonts/cm/cmex10.pfb></nix/store/lw99xzbz6hw1mzg1zh9n1wxzpa497s25
-texlive-combined-full-2021-final/share/texmf/fonts/type1/public/amsfonts/cm/cm
mi10.pfb></nix/store/lw99xzbz6hw1mzg1zh9n1wxzpa497s25-texlive-combined-full-202
1-final/share/texmf/fonts/type1/public/amsfonts/cm/cmmi7.pfb></nix/store/lw99xz
bz6hw1mzg1zh9n1wxzpa497s25-texlive-combined-full-2021-final/share/texmf/fonts/t
ype1/public/amsfonts/cm/cmmi9.pfb></nix/store/lw99xzbz6hw1mzg1zh9n1wxzpa497s25-
texlive-combined-full-2021-final/share/texmf/fonts/type1/public/amsfonts/cm/cmm
ib10.pfb></nix/store/lw99xzbz6hw1mzg1zh9n1wxzpa497s25-texlive-combined-full-202
1-final/share/texmf/fonts/type1/public/amsfonts/cm/cmr10.pfb></nix/store/lw99xz
bz6hw1mzg1zh9n1wxzpa497s25-texlive-combined-full-2021-final/share/texmf/fonts/t
ype1/public/amsfonts/cm/cmr7.pfb></nix/store/lw99xzbz6hw1mzg1zh9n1wxzpa497s25-t
exlive-combined-full-2021-final/share/texmf/fonts/type1/public/amsfonts/cm/cmr9
.pfb></nix/store/lw99xzbz6hw1mzg1zh9n1wxzpa497s25-texlive-combined-full-2021-fi
nal/share/texmf/fonts/type1/public/amsfonts/cm/cmsy10.pfb></nix/store/lw99xzbz6
hw1mzg1zh9n1wxzpa497s25-texlive-combined-full-2021-final/share/texmf/fonts/type
1/public/amsfonts/cm/cmsy7.pfb></nix/store/lw99xzbz6hw1mzg1zh9n1wxzpa497s25-tex
live-combined-full-2021-final/share/texmf/fonts/type1/public/amsfonts/cm/cmsy9.
pfb></nix/store/lw99xzbz6hw1mzg1zh9n1wxzpa497s25-texlive-combined-full-2021-fin
al/share/texmf/fonts/type1/public/amsfonts/symbols/msbm10.pfb></nix/store/lw99x
zbz6hw1mzg1zh9n1wxzpa497s25-texlive-combined-full-2021-final/share/texmf/fonts/
type1/public/cm-super/sfbx0900.pfb></nix/store/lw99xzbz6hw1mzg1zh9n1wxzpa497s25
-texlive-combined-full-2021-final/share/texmf/fonts/type1/public/cm-super/sfbx1
000.pfb></nix/store/lw99xzbz6hw1mzg1zh9n1wxzpa497s25-texlive-combined-full-2021
-final/share/texmf/fonts/type1/public/cm-super/sfbx1200.pfb></nix/store/lw99xzb
z6hw1mzg1zh9n1wxzpa497s25-texlive-combined-full-2021-final/share/texmf/fonts/ty
pe1/public/cm-super/sfbx1440.pfb></nix/store/lw99xzbz6hw1mzg1zh9n1wxzpa497s25-t
exlive-combined-full-2021-final/share/texmf/fonts/type1/public/cm-super/sfrm060
0.pfb></nix/store/lw99xzbz6hw1mzg1zh9n1wxzpa497s25-texlive-combined-full-2021-f
inal/share/texmf/fonts/type1/public/cm-super/sfrm0700.pfb></nix/store/lw99xzbz6
hw1mzg1zh9n1wxzpa497s25-texlive-combined-full-2021-final/share/texmf/fonts/type
1/public/cm-super/sfrm0900.pfb></nix/store/lw99xzbz6hw1mzg1zh9n1wxzpa497s25-tex
live-combined-full-2021-final/share/texmf/fonts/type1/public/cm-super/sfrm1000.
pfb></nix/store/lw99xzbz6hw1mzg1zh9n1wxzpa497s25-texlive-combined-full-2021-fin
al/share/texmf/fonts/type1/public/cm-super/sfti1000.pfb></nix/store/lw99xzbz6hw
1mzg1zh9n1wxzpa497s25-texlive-combined-full-2021-final/share/texmf/fonts/type1/
public/cm-super/sftt0800.pfb></nix/store/lw99xzbz6hw1mzg1zh9n1wxzpa497s25-texli
ve-combined-full-2021-final/share/texmf/fonts/type1/public/cm-super/sftt0900.pf
b></nix/store/lw99xzbz6hw1mzg1zh9n1wxzpa497s25-texlive-combined-full-2021-final
/share/texmf/fonts/type1/public/cm-super/sftt1000.pfb></nix/store/lw99xzbz6hw1m
zg1zh9n1wxzpa497s25-texlive-combined-full-2021-final/share/texmf/fonts/type1/pu
blic/stmaryrd/stmary10.pfb>
Output written on build/paper.pdf (23 pages, 473712 bytes).
PDF statistics:
 769 PDF objects out of 1000 (max. 8388607)
 678 compressed objects within 7 object streams
 288 named destinations out of 1000 (max. 500000)
 143 words of extra memory for PDF output out of 10000 (max. 10000000)

